<?xml version="1.0" encoding="UTF-8"?>
<!-- Generated by org.testng.reporters.JUnitReportReporter -->
<testsuite hostname="Omar" failures="0" tests="4" name="TestCodenLabAutomation" time="2.515" errors="0" timestamp="2024-11-12T19:09:11 GMT+03:00" skipped="0">
  <testcase classname="TestCodenLabAutomation" name="RadioBtn" time="0.121"/>
  <system-out/>
  <testcase classname="TestCodenLabAutomation" name="DynamicInput" time="2.173"/>
  <system-out/>
  <testcase classname="TestCodenLabAutomation" name="SelectList" time="0.136"/>
  <system-out/>
  <testcase classname="TestCodenLabAutomation" name="CheckBoxExamples" time="0.085"/>
  <system-out/>
</testsuite> <!-- TestCodenLabAutomation -->
