<?xml version="1.0" encoding="UTF-8"?>
<!-- Generated by org.testng.reporters.JUnitReportReporter -->
<testsuite hostname="Omar" failures="0" tests="11" name="TestCodenLabAutomation" time="34.008" errors="0" timestamp="2024-11-16T19:23:50 GMT+03:00" skipped="0">
  <testcase classname="TestCodenLabAutomation" name="RadioBtn" time="0.195"/>
  <system-out/>
  <testcase classname="TestCodenLabAutomation" name="DynamicInput" time="2.150"/>
  <system-out/>
  <testcase classname="TestCodenLabAutomation" name="SelectList" time="0.150"/>
  <system-out/>
  <testcase classname="TestCodenLabAutomation" name="CheckBoxExamples" time="0.086"/>
  <system-out/>
  <testcase classname="TestCodenLabAutomation" name="SwitchWindow" time="19.351"/>
  <system-out/>
  <testcase classname="TestCodenLabAutomation" name="TabWindow" time="3.217"/>
  <system-out/>
  <testcase classname="TestCodenLabAutomation" name="AlertExample" time="4.308"/>
  <system-out/>
  <testcase classname="TestCodenLabAutomation" name="TableExample" time="0.244"/>
  <system-out/>
  <testcase classname="TestCodenLabAutomation" name="ElementDisplayed" time="2.267"/>
  <system-out/>
  <testcase classname="TestCodenLabAutomation" name="Enable_Disable" time="1.713"/>
  <system-out/>
  <testcase classname="TestCodenLabAutomation" name="MouseHoverTest" time="0.327"/>
  <system-out/>
</testsuite> <!-- TestCodenLabAutomation -->
